client/android/app/build/intermediates/manifest_merge_blame_file/debug/manifest-merger-blame-debug-report.txt
1<?xml version="1.0" encoding="utf-8"?>
2<manifest xmlns:android="http://schemas.android.com/apk/res/android"
3    package="com.bai9"
4    android:versionCode="1"
5    android:versionName="1.0" >
6
7    <uses-sdk
8        android:minSdkVersion="23"
9        android:targetSdkVersion="34" />
10
11    <uses-permission android:name="android.permission.INTERNET" />
11-->src\main\AndroidManifest.xml:3:5-67
11-->src\main\AndroidManifest.xml:3:22-64
12    <uses-permission android:name="android.permission.ACCESS_NETWORK_STATE" />
12-->src\main\AndroidManifest.xml:4:5-79
12-->src\main\AndroidManifest.xml:4:22-76
13    <uses-permission android:name="android.permission.READ_EXTERNAL_STORAGE" />
13-->src\main\AndroidManifest.xml:5:5-80
13-->src\main\AndroidManifest.xml:5:22-77
14    <uses-permission android:name="android.permission.WRITE_EXTERNAL_STORAGE" />
14-->src\main\AndroidManifest.xml:6:5-81
14-->src\main\AndroidManifest.xml:6:22-78
15    <uses-permission android:name="android.permission.CAMERA" />
15-->src\main\AndroidManifest.xml:7:5-65
15-->src\main\AndroidManifest.xml:7:22-62
16    <uses-permission android:name="android.permission.READ_MEDIA_IMAGES" />
16-->src\main\AndroidManifest.xml:8:5-76
16-->src\main\AndroidManifest.xml:8:22-73
17
18    <uses-feature
18-->src\main\AndroidManifest.xml:9:5-85
19        android:name="android.hardware.camera"
19-->src\main\AndroidManifest.xml:9:19-57
20        android:required="false" />
20-->src\main\AndroidManifest.xml:9:58-82
21    <uses-feature
21-->src\main\AndroidManifest.xml:10:5-91
22        android:name="android.hardware.camera.front"
22-->src\main\AndroidManifest.xml:10:19-63
23        android:required="false" />
23-->src\main\AndroidManifest.xml:10:64-88
24
25    <queries>
25-->[:react-native-image-crop-picker] AndroidManifest.xml:7:5-11:15
26        <intent>
26-->[:react-native-image-crop-picker] AndroidManifest.xml:8:9-10:18
27            <action android:name="android.media.action.IMAGE_CAPTURE" />
27-->[:react-native-image-crop-picker] AndroidManifest.xml:9:13-73
27-->[:react-native-image-crop-picker] AndroidManifest.xml:9:21-70
28        </intent>
29    </queries>
30    <!--
31    This manifest file is used only by Gradle to configure debug-only capabilities
32    for React Native Apps.
33    -->
34    <uses-permission android:name="android.permission.SYSTEM_ALERT_WINDOW" />
34-->[com.facebook.react:react-android:0.74.2] AndroidManifest.xml:16:5-78
34-->[com.facebook.react:react-android:0.74.2] AndroidManifest.xml:16:22-75
35
36    <permission
36-->[androidx.core:core:1.9.0] AndroidManifest.xml:22:5-24:47
37        android:name="com.bai9.DYNAMIC_RECEIVER_NOT_EXPORTED_PERMISSION"
37-->[androidx.core:core:1.9.0] AndroidManifest.xml:23:9-81
38        android:protectionLevel="signature" />
38-->[androidx.core:core:1.9.0] AndroidManifest.xml:24:9-44
39
40    <uses-permission android:name="com.bai9.DYNAMIC_RECEIVER_NOT_EXPORTED_PERMISSION" />
40-->[androidx.core:core:1.9.0] AndroidManifest.xml:26:5-97
40-->[androidx.core:core:1.9.0] AndroidManifest.xml:26:22-94
41
42    <application
42-->src\main\AndroidManifest.xml:11:5-31:19
43        android:name="com.bai9.MainApplication"
43-->src\main\AndroidManifest.xml:12:7-38
44        android:allowBackup="false"
44-->src\main\AndroidManifest.xml:16:7-34
45        android:appComponentFactory="androidx.core.app.CoreComponentFactory"
45-->[androidx.core:core:1.9.0] AndroidManifest.xml:28:18-86
46        android:debuggable="true"
47        android:extractNativeLibs="false"
48        android:icon="@mipmap/ic_launcher"
48-->src\main\AndroidManifest.xml:14:7-41
49        android:label="@string/app_name"
49-->src\main\AndroidManifest.xml:13:7-39
50        android:requestLegacyExternalStorage="true"
50-->src\main\AndroidManifest.xml:18:7-50
51        android:roundIcon="@mipmap/ic_launcher_round"
51-->src\main\AndroidManifest.xml:15:7-52
52        android:theme="@style/AppTheme"
52-->src\main\AndroidManifest.xml:17:7-38
53        android:usesCleartextTraffic="true" >
53-->src\debug\AndroidManifest.xml:6:9-44
54        <activity
54-->src\main\AndroidManifest.xml:19:7-30:18
55            android:name="com.bai9.MainActivity"
55-->src\main\AndroidManifest.xml:20:9-37
56            android:configChanges="keyboard|keyboardHidden|orientation|screenLayout|screenSize|smallestScreenSize|uiMode"
56-->src\main\AndroidManifest.xml:22:9-118
57            android:exported="true"
57-->src\main\AndroidManifest.xml:25:9-32
58            android:label="@string/app_name"
58-->src\main\AndroidManifest.xml:21:9-41
59            android:launchMode="singleTask"
59-->src\main\AndroidManifest.xml:23:9-40
60            android:windowSoftInputMode="adjustResize" >
60-->src\main\AndroidManifest.xml:24:9-51
61            <intent-filter>
61-->src\main\AndroidManifest.xml:26:9-29:25
62                <action android:name="android.intent.action.MAIN" />
62-->src\main\AndroidManifest.xml:27:13-65
62-->src\main\AndroidManifest.xml:27:21-62
63
64                <category android:name="android.intent.category.LAUNCHER" />
64-->src\main\AndroidManifest.xml:28:13-73
64-->src\main\AndroidManifest.xml:28:23-70
65            </intent-filter>
66        </activity>
67
68        <provider
68-->[:react-native-image-crop-picker] AndroidManifest.xml:16:9-24:20
69            android:name="com.reactnative.ivpusic.imagepicker.IvpusicImagePickerFileProvider"
69-->[:react-native-image-crop-picker] AndroidManifest.xml:17:13-94
70            android:authorities="com.bai9.provider"
70-->[:react-native-image-crop-picker] AndroidManifest.xml:18:13-60
71            android:exported="false"
71-->[:react-native-image-crop-picker] AndroidManifest.xml:19:13-37
72            android:grantUriPermissions="true" >
72-->[:react-native-image-crop-picker] AndroidManifest.xml:20:13-47
73            <meta-data
73-->[:react-native-image-crop-picker] AndroidManifest.xml:21:13-23:78
74                android:name="android.support.FILE_PROVIDER_PATHS"
74-->[:react-native-image-crop-picker] AndroidManifest.xml:22:17-67
75                android:resource="@xml/ivpusic_imagepicker_provider_paths" />
75-->[:react-native-image-crop-picker] AndroidManifest.xml:23:17-75
76        </provider>
77
78        <activity
78-->[:react-native-image-crop-picker] AndroidManifest.xml:26:9-28:72
79            android:name="com.yalantis.ucrop.UCropActivity"
79-->[:react-native-image-crop-picker] AndroidManifest.xml:27:13-60
80            android:theme="@style/Theme.AppCompat.Light.NoActionBar" />
80-->[:react-native-image-crop-picker] AndroidManifest.xml:28:13-69
81
82        <provider
82-->[:react-native-image-picker] AndroidManifest.xml:8:9-16:20
83            android:name="com.imagepicker.ImagePickerProvider"
83-->[:react-native-image-picker] AndroidManifest.xml:9:13-63
84            android:authorities="com.bai9.imagepickerprovider"
84-->[:react-native-image-picker] AndroidManifest.xml:10:13-71
85            android:exported="false"
85-->[:react-native-image-picker] AndroidManifest.xml:11:13-37
86            android:grantUriPermissions="true" >
86-->[:react-native-image-picker] AndroidManifest.xml:12:13-47
87            <meta-data
87-->[:react-native-image-crop-picker] AndroidManifest.xml:21:13-23:78
88                android:name="android.support.FILE_PROVIDER_PATHS"
88-->[:react-native-image-crop-picker] AndroidManifest.xml:22:17-67
89                android:resource="@xml/imagepicker_provider_paths" />
89-->[:react-native-image-crop-picker] AndroidManifest.xml:23:17-75
90        </provider>
91
92        <activity
92-->[com.facebook.react:react-android:0.74.2] AndroidManifest.xml:19:9-21:40
93            android:name="com.facebook.react.devsupport.DevSettingsActivity"
93-->[com.facebook.react:react-android:0.74.2] AndroidManifest.xml:20:13-77
94            android:exported="false" />
94-->[com.facebook.react:react-android:0.74.2] AndroidManifest.xml:21:13-37
95
96        <provider
96-->[androidx.emoji2:emoji2:1.2.0] AndroidManifest.xml:24:9-32:20
97            android:name="androidx.startup.InitializationProvider"
97-->[androidx.emoji2:emoji2:1.2.0] AndroidManifest.xml:25:13-67
98            android:authorities="com.bai9.androidx-startup"
98-->[androidx.emoji2:emoji2:1.2.0] AndroidManifest.xml:26:13-68
99            android:exported="false" >
99-->[androidx.emoji2:emoji2:1.2.0] AndroidManifest.xml:27:13-37
100            <meta-data
100-->[androidx.emoji2:emoji2:1.2.0] AndroidManifest.xml:29:13-31:52
101                android:name="androidx.emoji2.text.EmojiCompatInitializer"
101-->[androidx.emoji2:emoji2:1.2.0] AndroidManifest.xml:30:17-75
102                android:value="androidx.startup" />
102-->[androidx.emoji2:emoji2:1.2.0] AndroidManifest.xml:31:17-49
103            <meta-data
103-->[androidx.lifecycle:lifecycle-process:2.4.1] AndroidManifest.xml:31:13-33:52
104                android:name="androidx.lifecycle.ProcessLifecycleInitializer"
104-->[androidx.lifecycle:lifecycle-process:2.4.1] AndroidManifest.xml:32:17-78
105                android:value="androidx.startup" />
105-->[androidx.lifecycle:lifecycle-process:2.4.1] AndroidManifest.xml:33:17-49
106        </provider>
107
108        <meta-data
108-->[com.facebook.soloader:soloader:0.10.5] AndroidManifest.xml:12:9-14:37
109            android:name="com.facebook.soloader.enabled"
109-->[com.facebook.soloader:soloader:0.10.5] AndroidManifest.xml:13:13-57
110            android:value="false" />
110-->[com.facebook.soloader:soloader:0.10.5] AndroidManifest.xml:14:13-34
111    </application>
112
113</manifest>